<?xml version="1.0" encoding="UTF-8"?>
<testng-results ignored="0" total="7" passed="6" failed="1" skipped="0">
  <reporter-output>
  </reporter-output>
  <suite started-at="2025-10-05T19:01:33 IST" name="Suite" finished-at="2025-10-05T19:02:02 IST" duration-ms="28818">
    <groups>
    </groups>
    <test started-at="2025-10-05T19:01:33 IST" name="Test1" finished-at="2025-10-05T19:01:57 IST" duration-ms="24316">
      <class name="TestPackage.greenkartTest">
        <test-method signature="vegshoping(java.lang.String,java.lang.String)[pri:0, instance:TestPackage.greenkartTest@5143c662]" started-at="2025-10-05T19:01:33 IST" name="vegshoping" finished-at="2025-10-05T19:01:57 IST" duration-ms="23930" status="PASS">
          <params>
            <param index="0">
              <value>
                <![CDATA[https://rahulshettyacademy.com/seleniumPractise/#/]]>
              </value>
            </param>
            <param index="1">
              <value>
                <![CDATA[India]]>
              </value>
            </param>
          </params>
          <reporter-output>
          </reporter-output>
        </test-method> <!-- vegshoping -->
        <test-method is-config="true" signature="terminate()[pri:0, instance:TestPackage.greenkartTest@5143c662]" started-at="2025-10-05T19:01:57 IST" name="terminate" finished-at="2025-10-05T19:01:57 IST" duration-ms="197" status="PASS">
          <reporter-output>
          </reporter-output>
        </test-method> <!-- terminate -->
      </class> <!-- TestPackage.greenkartTest -->
    </test> <!-- Test1 -->
    <test started-at="2025-10-05T19:01:33 IST" name="Test2" finished-at="2025-10-05T19:02:02 IST" duration-ms="28818">
      <class name="TestPackage.login">
        <test-method signature="loginTest(java.lang.String,java.lang.String)[pri:0, instance:TestPackage.login@5d5f10b2]" started-at="2025-10-05T19:01:34 IST" name="loginTest" data-provider="exceldata" finished-at="2025-10-05T19:01:38 IST" duration-ms="3755" status="PASS">
          <params>
            <param index="0">
              <value>
                <![CDATA[standard_user]]>
              </value>
            </param>
            <param index="1">
              <value>
                <![CDATA[secret_sauce]]>
              </value>
            </param>
          </params>
          <reporter-output>
          </reporter-output>
        </test-method> <!-- loginTest -->
        <test-method is-config="true" signature="terminate()[pri:0, instance:TestPackage.login@5d5f10b2]" started-at="2025-10-05T19:01:39 IST" name="terminate" finished-at="2025-10-05T19:01:39 IST" duration-ms="220" status="PASS">
          <reporter-output>
          </reporter-output>
        </test-method> <!-- terminate -->
        <test-method signature="loginTest(java.lang.String,java.lang.String)[pri:0, instance:TestPackage.login@5d5f10b2]" started-at="2025-10-05T19:01:39 IST" name="loginTest" data-provider="exceldata" finished-at="2025-10-05T19:01:42 IST" duration-ms="3250" status="PASS">
          <params>
            <param index="0">
              <value>
                <![CDATA[problem_user]]>
              </value>
            </param>
            <param index="1">
              <value>
                <![CDATA[secret_sauce]]>
              </value>
            </param>
          </params>
          <reporter-output>
          </reporter-output>
        </test-method> <!-- loginTest -->
        <test-method is-config="true" signature="terminate()[pri:0, instance:TestPackage.login@5d5f10b2]" started-at="2025-10-05T19:01:42 IST" name="terminate" finished-at="2025-10-05T19:01:43 IST" duration-ms="186" status="PASS">
          <reporter-output>
          </reporter-output>
        </test-method> <!-- terminate -->
        <test-method signature="loginTest(java.lang.String,java.lang.String)[pri:0, instance:TestPackage.login@5d5f10b2]" started-at="2025-10-05T19:01:43 IST" name="loginTest" data-provider="exceldata" finished-at="2025-10-05T19:01:46 IST" duration-ms="3320" status="FAIL">
          <params>
            <param index="0">
              <value>
                <![CDATA[locked_out_user]]>
              </value>
            </param>
            <param index="1">
              <value>
                <![CDATA[secret_sauce]]>
              </value>
            </param>
          </params>
          <exception class="java.lang.AssertionError">
            <message>
              <![CDATA[expected [https://www.saucedemo.com/inventory.html] but found [https://www.saucedemo.com/]]]>
            </message>
            <full-stacktrace>
              <![CDATA[java.lang.AssertionError: expected [https://www.saucedemo.com/inventory.html] but found [https://www.saucedemo.com/]
at org.testng.Assert.fail(Assert.java:111)
at org.testng.Assert.failNotEquals(Assert.java:1590)
at org.testng.Assert.assertEqualsImpl(Assert.java:150)
at org.testng.Assert.assertEquals(Assert.java:132)
at org.testng.Assert.assertEquals(Assert.java:656)
at org.testng.Assert.assertEquals(Assert.java:666)
at Pages.loginPage.loginSwaglab(loginPage.java:32)
at TestPackage.login.loginTest(login.java:26)
at java.base/jdk.internal.reflect.DirectMethodHandleAccessor.invoke(DirectMethodHandleAccessor.java:103)
at java.base/java.lang.reflect.Method.invoke(Method.java:580)
at org.testng.internal.invokers.MethodInvocationHelper.invokeMethod(MethodInvocationHelper.java:141)
at org.testng.internal.invokers.TestInvoker.invokeMethod(TestInvoker.java:687)
at org.testng.internal.invokers.TestInvoker.invokeTestMethod(TestInvoker.java:230)
at org.testng.internal.invokers.MethodRunner.runInSequence(MethodRunner.java:63)
at org.testng.internal.invokers.TestInvoker$MethodInvocationAgent.invoke(TestInvoker.java:995)
at org.testng.internal.invokers.TestInvoker.invokeTestMethods(TestInvoker.java:203)
at org.testng.internal.invokers.TestMethodWorker.invokeTestMethods(TestMethodWorker.java:154)
at org.testng.internal.invokers.TestMethodWorker.run(TestMethodWorker.java:134)
at java.base/java.util.ArrayList.forEach(ArrayList.java:1596)
at org.testng.TestRunner.privateRun(TestRunner.java:741)
at org.testng.TestRunner.run(TestRunner.java:616)
at org.testng.SuiteRunner.runTest(SuiteRunner.java:421)
at org.testng.SuiteRunner$SuiteWorker.run(SuiteRunner.java:463)
at org.testng.internal.thread.ThreadUtil.lambda$execute$0(ThreadUtil.java:64)
at java.base/java.util.concurrent.FutureTask.run(FutureTask.java:317)
at java.base/java.util.concurrent.ThreadPoolExecutor.runWorker(ThreadPoolExecutor.java:1144)
at java.base/java.util.concurrent.ThreadPoolExecutor$Worker.run(ThreadPoolExecutor.java:642)
at java.base/java.lang.Thread.run(Thread.java:1583)
]]>
            </full-stacktrace>
          </exception> <!-- java.lang.AssertionError -->
          <reporter-output>
          </reporter-output>
        </test-method> <!-- loginTest -->
        <test-method is-config="true" signature="terminate()[pri:0, instance:TestPackage.login@5d5f10b2]" started-at="2025-10-05T19:01:46 IST" name="terminate" finished-at="2025-10-05T19:01:46 IST" duration-ms="248" status="PASS">
          <reporter-output>
          </reporter-output>
        </test-method> <!-- terminate -->
        <test-method signature="loginTest(java.lang.String,java.lang.String)[pri:0, instance:TestPackage.login@5d5f10b2]" started-at="2025-10-05T19:01:46 IST" name="loginTest" data-provider="exceldata" finished-at="2025-10-05T19:01:55 IST" duration-ms="8220" status="PASS">
          <params>
            <param index="0">
              <value>
                <![CDATA[performance_glitch_user]]>
              </value>
            </param>
            <param index="1">
              <value>
                <![CDATA[secret_sauce]]>
              </value>
            </param>
          </params>
          <reporter-output>
          </reporter-output>
        </test-method> <!-- loginTest -->
        <test-method is-config="true" signature="terminate()[pri:0, instance:TestPackage.login@5d5f10b2]" started-at="2025-10-05T19:01:55 IST" name="terminate" finished-at="2025-10-05T19:01:55 IST" duration-ms="175" status="PASS">
          <reporter-output>
          </reporter-output>
        </test-method> <!-- terminate -->
        <test-method signature="loginTest(java.lang.String,java.lang.String)[pri:0, instance:TestPackage.login@5d5f10b2]" started-at="2025-10-05T19:01:55 IST" name="loginTest" data-provider="exceldata" finished-at="2025-10-05T19:01:58 IST" duration-ms="2903" status="PASS">
          <params>
            <param index="0">
              <value>
                <![CDATA[error_user]]>
              </value>
            </param>
            <param index="1">
              <value>
                <![CDATA[secret_sauce]]>
              </value>
            </param>
          </params>
          <reporter-output>
          </reporter-output>
        </test-method> <!-- loginTest -->
        <test-method is-config="true" signature="terminate()[pri:0, instance:TestPackage.login@5d5f10b2]" started-at="2025-10-05T19:01:58 IST" name="terminate" finished-at="2025-10-05T19:01:58 IST" duration-ms="244" status="PASS">
          <reporter-output>
          </reporter-output>
        </test-method> <!-- terminate -->
        <test-method signature="loginTest(java.lang.String,java.lang.String)[pri:0, instance:TestPackage.login@5d5f10b2]" started-at="2025-10-05T19:01:58 IST" name="loginTest" data-provider="exceldata" finished-at="2025-10-05T19:02:01 IST" duration-ms="2831" status="PASS">
          <params>
            <param index="0">
              <value>
                <![CDATA[visual_user]]>
              </value>
            </param>
            <param index="1">
              <value>
                <![CDATA[secret_sauce]]>
              </value>
            </param>
          </params>
          <reporter-output>
          </reporter-output>
        </test-method> <!-- loginTest -->
        <test-method is-config="true" signature="terminate()[pri:0, instance:TestPackage.login@5d5f10b2]" started-at="2025-10-05T19:02:02 IST" name="terminate" finished-at="2025-10-05T19:02:02 IST" duration-ms="192" status="PASS">
          <reporter-output>
          </reporter-output>
        </test-method> <!-- terminate -->
      </class> <!-- TestPackage.login -->
    </test> <!-- Test2 -->
  </suite> <!-- Suite -->
</testng-results>
